<?xml version="1.0" encoding="UTF-8"?>
<!-- Generated by org.testng.reporters.JUnitReportReporter -->
<testsuite hostname="Sahils-MacBook-Air.local" failures="0" tests="2" name="com.qa.opencart.tests.AccountsPageTest" time="0.741" errors="0" timestamp="2025-04-16T11:34:34 IST" skipped="0">
  <testcase classname="com.qa.opencart.tests.AccountsPageTest" name="accountsPageTitleTest" time="0.582"/>
  <system-out/>
  <testcase classname="com.qa.opencart.tests.AccountsPageTest" name="checkLogoutLinkExists" time="0.159"/>
  <system-out/>
</testsuite> <!-- com.qa.opencart.tests.AccountsPageTest -->
