<?xml version="1.0" encoding="UTF-8"?>
<!-- Generated by org.testng.reporters.JUnitReportReporter -->
<testsuite hostname="Sahils-MacBook-Air.local" failures="0" tests="7" name="com.qa.opencart.tests.AccountsPageTest" time="6.383" errors="0" timestamp="2025-05-05T10:29:30 IST" skipped="0">
  <testcase classname="com.qa.opencart.tests.AccountsPageTest" name="accPageHeadersTest" time="0.609"/>
  <system-out/>
  <testcase classname="com.qa.opencart.tests.AccountsPageTest" name="searchTest" time="1.683"/>
  <system-out/>
  <testcase classname="com.qa.opencart.tests.AccountsPageTest" name="accountsPageTitleTest" time="0.013"/>
  <system-out/>
  <testcase classname="com.qa.opencart.tests.AccountsPageTest" name="checkLogoutLinkExistsTest" time="0.602"/>
  <system-out/>
  <testcase classname="com.qa.opencart.tests.AccountsPageTest" name="searchTest" time="1.721"/>
  <system-out/>
  <testcase classname="com.qa.opencart.tests.AccountsPageTest" name="searchTest" time="1.691"/>
  <system-out/>
  <testcase classname="com.qa.opencart.tests.AccountsPageTest" name="checkAccountPageHeadersCountTest" time="0.064"/>
  <system-out/>
</testsuite> <!-- com.qa.opencart.tests.AccountsPageTest -->
