<?xml version="1.0" encoding="UTF-8"?>
<!-- Generated by org.testng.reporters.JUnitReportReporter -->
<testsuite hostname="Sahils-MacBook-Air.local" failures="0" tests="1" name="com.qa.opencart.tests.SearchResultsPageTest" time="0.910" errors="0" timestamp="2025-04-24T11:31:52 IST" skipped="0">
  <testcase classname="com.qa.opencart.tests.SearchResultsPageTest" name="checkProductHeaderName" time="0.910"/>
  <system-out/>
</testsuite> <!-- com.qa.opencart.tests.SearchResultsPageTest -->
