<?xml version="1.0" encoding="UTF-8"?>
<!-- Generated by org.testng.reporters.JUnitReportReporter -->
<testsuite hostname="Sahils-MacBook-Air.local" failures="0" tests="3" name="com.qa.opencart.tests.RegisterPageTest" time="18.707" errors="0" timestamp="2025-05-05T10:29:30 IST" skipped="0">
  <testcase classname="com.qa.opencart.tests.RegisterPageTest" name="verifyRegisterationDetails" time="9.250"/>
  <system-out/>
  <testcase classname="com.qa.opencart.tests.RegisterPageTest" name="verifyRegisterPageHeader" time="0.569"/>
  <system-out/>
  <testcase classname="com.qa.opencart.tests.RegisterPageTest" name="verifyRegisterationDetails" time="8.888"/>
  <system-out/>
</testsuite> <!-- com.qa.opencart.tests.RegisterPageTest -->
