<?xml version="1.0" encoding="UTF-8"?>
<!-- Generated by org.testng.reporters.JUnitReportReporter -->
<testsuite hostname="Sahils-MacBook-Air.local" failures="0" tests="7" name="com.qa.opencart.tests.AccountsPageTest" time="6.321" errors="0" timestamp="2025-05-05T10:12:21 IST" skipped="0">
  <testcase classname="com.qa.opencart.tests.AccountsPageTest" name="accountsPageTitleTest" time="0.005"/>
  <system-out/>
  <testcase classname="com.qa.opencart.tests.AccountsPageTest" name="accPageHeadersTest" time="0.572"/>
  <system-out/>
  <testcase classname="com.qa.opencart.tests.AccountsPageTest" name="checkAccountPageHeadersCountTest" time="0.028"/>
  <system-out/>
  <testcase classname="com.qa.opencart.tests.AccountsPageTest" name="checkLogoutLinkExistsTest" time="0.542"/>
  <system-out/>
  <testcase classname="com.qa.opencart.tests.AccountsPageTest" name="searchTest" time="1.756"/>
  <system-out/>
  <testcase classname="com.qa.opencart.tests.AccountsPageTest" name="searchTest" time="1.629"/>
  <system-out/>
  <testcase classname="com.qa.opencart.tests.AccountsPageTest" name="searchTest" time="1.789"/>
  <system-out/>
</testsuite> <!-- com.qa.opencart.tests.AccountsPageTest -->
