<?xml version="1.0" encoding="UTF-8"?>
<!-- Generated by org.testng.reporters.JUnitReportReporter -->
<testsuite hostname="Sahils-MacBook-Air.local" failures="0" tests="4" name="com.qa.opencart.tests.LoginPageTest" time="2.963" errors="0" timestamp="2025-05-05T10:12:21 IST" skipped="0">
  <testcase classname="com.qa.opencart.tests.LoginPageTest" name="loginPageTitleTest" time="0.068"/>
  <system-out/>
  <testcase classname="com.qa.opencart.tests.LoginPageTest" name="loginPageURLTest" time="0.009"/>
  <system-out/>
  <testcase classname="com.qa.opencart.tests.LoginPageTest" name="isForgotPasswordLinkExistsTest" time="0.570"/>
  <system-out/>
  <testcase classname="com.qa.opencart.tests.LoginPageTest" name="loginTest" time="2.316"/>
  <system-out/>
</testsuite> <!-- com.qa.opencart.tests.LoginPageTest -->
